Replace Part C? 08055C104K4T4A in E:\Altium\Shared Documents\Altium\Projects\paid_training\28Pins_Schematic.SchDoc with 08055C104K4T4A from 28Pins_Project.SchLib
Replace Part C? GRM21BR61C106KE15L in E:\Altium\Shared Documents\Altium\Projects\paid_training\28Pins_Schematic.SchDoc with GRM21BR61C106KE15L from 28Pins_Project.SchLib
Replace Part C? 08055C104K4T4A in E:\Altium\Shared Documents\Altium\Projects\paid_training\28Pins_Schematic.SchDoc with 08055C104K4T4A from 28Pins_Project.SchLib
Replace Part C? GRM21BR61C106KE15L in E:\Altium\Shared Documents\Altium\Projects\paid_training\28Pins_Schematic.SchDoc with GRM21BR61C106KE15L from 28Pins_Project.SchLib
Replace Part C? 08055C104K4T4A in E:\Altium\Shared Documents\Altium\Projects\paid_training\28Pins_Schematic.SchDoc with 08055C104K4T4A from 28Pins_Project.SchLib
Replace Part C? GJM1551C1HR56BB01D in E:\Altium\Shared Documents\Altium\Projects\paid_training\28Pins_Schematic.SchDoc with GJM1551C1HR56BB01D from 28Pins_Project.SchLib
Replace Part C? GJM1551C1HR56BB01D in E:\Altium\Shared Documents\Altium\Projects\paid_training\28Pins_Schematic.SchDoc with GJM1551C1HR56BB01D from 28Pins_Project.SchLib
Replace Part C? 08055C104K4T4A in E:\Altium\Shared Documents\Altium\Projects\paid_training\28Pins_Schematic.SchDoc with 08055C104K4T4A from 28Pins_Project.SchLib
Replace Part C? 08055C104K4T4A in E:\Altium\Shared Documents\Altium\Projects\paid_training\28Pins_Schematic.SchDoc with 08055C104K4T4A from 28Pins_Project.SchLib
Replace Part C? 08055C104K4T4A in E:\Altium\Shared Documents\Altium\Projects\paid_training\28Pins_Schematic.SchDoc with 08055C104K4T4A from 28Pins_Project.SchLib
Replace Part C? GRM21BR61C106KE15L in E:\Altium\Shared Documents\Altium\Projects\paid_training\28Pins_Schematic.SchDoc with GRM21BR61C106KE15L from 28Pins_Project.SchLib
Replace Part C? GJM1551C1HR56BB01D in E:\Altium\Shared Documents\Altium\Projects\paid_training\28Pins_Schematic.SchDoc with GJM1551C1HR56BB01D from 28Pins_Project.SchLib
Replace Part C? GJM1551C1HR56BB01D in E:\Altium\Shared Documents\Altium\Projects\paid_training\28Pins_Schematic.SchDoc with GJM1551C1HR56BB01D from 28Pins_Project.SchLib
Replace Part C? GRM21BR61C106KE15L in E:\Altium\Shared Documents\Altium\Projects\paid_training\28Pins_Schematic.SchDoc with GRM21BR61C106KE15L from 28Pins_Project.SchLib
Replace Part C? 08055C104K4T4A in E:\Altium\Shared Documents\Altium\Projects\paid_training\28Pins_Schematic.SchDoc with 08055C104K4T4A from 28Pins_Project.SchLib
Replace Part C? 08055C104K4T4A in E:\Altium\Shared Documents\Altium\Projects\paid_training\28Pins_Schematic.SchDoc with 08055C104K4T4A from 28Pins_Project.SchLib
Replace Part C? 08055C104K4T4A in E:\Altium\Shared Documents\Altium\Projects\paid_training\28Pins_Schematic.SchDoc with 08055C104K4T4A from 28Pins_Project.SchLib
Replace Part C? 08055C104K4T4A in E:\Altium\Shared Documents\Altium\Projects\paid_training\28Pins_Schematic.SchDoc with 08055C104K4T4A from 28Pins_Project.SchLib
Replace Part C? GRM21BR61C106KE15L in E:\Altium\Shared Documents\Altium\Projects\paid_training\28Pins_Schematic.SchDoc with GRM21BR61C106KE15L from 28Pins_Project.SchLib
Replace Part C? 08055C104K4T4A in E:\Altium\Shared Documents\Altium\Projects\paid_training\28Pins_Schematic.SchDoc with 08055C104K4T4A from 28Pins_Project.SchLib
Replace Part C? 08055C104K4T4A in E:\Altium\Shared Documents\Altium\Projects\paid_training\28Pins_Schematic.SchDoc with 08055C104K4T4A from 28Pins_Project.SchLib
Replace Part C? 08055C104K4T4A in E:\Altium\Shared Documents\Altium\Projects\paid_training\28Pins_Schematic.SchDoc with 08055C104K4T4A from 28Pins_Project.SchLib
Replace Part C? 08055C104K4T4A in E:\Altium\Shared Documents\Altium\Projects\paid_training\28Pins_Schematic.SchDoc with 08055C104K4T4A from 28Pins_Project.SchLib
Replace Part C? 08055C104K4T4A in E:\Altium\Shared Documents\Altium\Projects\paid_training\28Pins_Schematic.SchDoc with 08055C104K4T4A from 28Pins_Project.SchLib
Replace Part C? 08055C104K4T4A in E:\Altium\Shared Documents\Altium\Projects\paid_training\28Pins_Schematic.SchDoc with 08055C104K4T4A from 28Pins_Project.SchLib
Replace Part C? 08055C104K4T4A in E:\Altium\Shared Documents\Altium\Projects\paid_training\28Pins_Schematic.SchDoc with 08055C104K4T4A from 28Pins_Project.SchLib
Replace Part C? GRM21BR61C106KE15L in E:\Altium\Shared Documents\Altium\Projects\paid_training\28Pins_Schematic.SchDoc with GRM21BR61C106KE15L from 28Pins_Project.SchLib
Replace Part C? GRM21BR61C106KE15L in E:\Altium\Shared Documents\Altium\Projects\paid_training\28Pins_Schematic.SchDoc with GRM21BR61C106KE15L from 28Pins_Project.SchLib
Replace Part C? C2012X5R1E105K125AA in E:\Altium\Shared Documents\Altium\Projects\paid_training\28Pins_Schematic.SchDoc with C2012X5R1E105K125AA from 28Pins_Project.SchLib
Replace Part D? RB520S30 in E:\Altium\Shared Documents\Altium\Projects\paid_training\28Pins_Schematic.SchDoc with RB520S30 from 28Pins_Project.SchLib
Replace Part D? RB520S30 in E:\Altium\Shared Documents\Altium\Projects\paid_training\28Pins_Schematic.SchDoc with RB520S30 from 28Pins_Project.SchLib
Replace Part D? LOL29K-H2K1-24-Z in E:\Altium\Shared Documents\Altium\Projects\paid_training\28Pins_Schematic.SchDoc with LOL29K-H2K1-24-Z from 28Pins_Project.SchLib
Replace Part D? LOL29K-H2K1-24-Z in E:\Altium\Shared Documents\Altium\Projects\paid_training\28Pins_Schematic.SchDoc with LOL29K-H2K1-24-Z from 28Pins_Project.SchLib
Replace Part D? LGL29K-F2J1-24-Z in E:\Altium\Shared Documents\Altium\Projects\paid_training\28Pins_Schematic.SchDoc with LGL29K-F2J1-24-Z from 28Pins_Project.SchLib
Replace Part D? LOL29K-H2K1-24-Z in E:\Altium\Shared Documents\Altium\Projects\paid_training\28Pins_Schematic.SchDoc with LOL29K-H2K1-24-Z from 28Pins_Project.SchLib
Replace Part FB? MH2029-221Y in E:\Altium\Shared Documents\Altium\Projects\paid_training\28Pins_Schematic.SchDoc with MH2029-221Y from 28Pins_Project.SchLib
Replace Part FB? MH2029-221Y in E:\Altium\Shared Documents\Altium\Projects\paid_training\28Pins_Schematic.SchDoc with MH2029-221Y from 28Pins_Project.SchLib
Replace Part FB? MH2029-221Y in E:\Altium\Shared Documents\Altium\Projects\paid_training\28Pins_Schematic.SchDoc with MH2029-221Y from 28Pins_Project.SchLib
Replace Part J? 10118192-0001LF in E:\Altium\Shared Documents\Altium\Projects\paid_training\28Pins_Schematic.SchDoc with 10118192-0001LF from 28Pins_Project.SchLib
Replace Part J? M20-7821046 in E:\Altium\Shared Documents\Altium\Projects\paid_training\28Pins_Schematic.SchDoc with M20-7821046 from 28Pins_Project.SchLib
Replace Part J? M20-7820646 in E:\Altium\Shared Documents\Altium\Projects\paid_training\28Pins_Schematic.SchDoc with M20-7820646 from 28Pins_Project.SchLib
Replace Part J? M20-7820842 in E:\Altium\Shared Documents\Altium\Projects\paid_training\28Pins_Schematic.SchDoc with M20-7820842 from 28Pins_Project.SchLib
Replace Part J? M20-7820842 in E:\Altium\Shared Documents\Altium\Projects\paid_training\28Pins_Schematic.SchDoc with M20-7820842 from 28Pins_Project.SchLib
Replace Part J? 68602-206HLF in E:\Altium\Shared Documents\Altium\Projects\paid_training\28Pins_Schematic.SchDoc with 68602-206HLF from 28Pins_Project.SchLib
Replace Part J? 68602-206HLF in E:\Altium\Shared Documents\Altium\Projects\paid_training\28Pins_Schematic.SchDoc with 68602-206HLF from 28Pins_Project.SchLib
Replace Part J? 77313-124-04LF in E:\Altium\Shared Documents\Altium\Projects\paid_training\28Pins_Schematic.SchDoc with 77313-124-04LF from 28Pins_Project.SchLib
Replace Part JP? 68000-103HLF in E:\Altium\Shared Documents\Altium\Projects\paid_training\28Pins_Schematic.SchDoc with 68000-103HLF from 28Pins_Project.SchLib
Replace Part JP? 68001-204HLF in E:\Altium\Shared Documents\Altium\Projects\paid_training\28Pins_Schematic.SchDoc with 68001-204HLF from 28Pins_Project.SchLib
Replace Part JP? 68000-103HLF in E:\Altium\Shared Documents\Altium\Projects\paid_training\28Pins_Schematic.SchDoc with 68000-103HLF from 28Pins_Project.SchLib
Replace Part R? RC0805FR-071ML in E:\Altium\Shared Documents\Altium\Projects\paid_training\28Pins_Schematic.SchDoc with RC0805FR-071ML from 28Pins_Project.SchLib
Replace Part R? RC0805FR-071ML in E:\Altium\Shared Documents\Altium\Projects\paid_training\28Pins_Schematic.SchDoc with RC0805FR-071ML from 28Pins_Project.SchLib
Replace Part R? RC0805FR-0722RL in E:\Altium\Shared Documents\Altium\Projects\paid_training\28Pins_Schematic.SchDoc with RC0805FR-0722RL from 28Pins_Project.SchLib
Replace Part R? RC0805FR-071KL in E:\Altium\Shared Documents\Altium\Projects\paid_training\28Pins_Schematic.SchDoc with RC0805FR-071KL from 28Pins_Project.SchLib
Replace Part R? RC0805FR-071KL in E:\Altium\Shared Documents\Altium\Projects\paid_training\28Pins_Schematic.SchDoc with RC0805FR-071KL from 28Pins_Project.SchLib
Replace Part R? RC0805FR-0722RL in E:\Altium\Shared Documents\Altium\Projects\paid_training\28Pins_Schematic.SchDoc with RC0805FR-0722RL from 28Pins_Project.SchLib
Replace Part R? RC0805FR-0722RL in E:\Altium\Shared Documents\Altium\Projects\paid_training\28Pins_Schematic.SchDoc with RC0805FR-0722RL from 28Pins_Project.SchLib
Replace Part R? RC0805FR-0710KL in E:\Altium\Shared Documents\Altium\Projects\paid_training\28Pins_Schematic.SchDoc with RC0805FR-0710KL from 28Pins_Project.SchLib
Replace Part R? RC0805FR-0710KL in E:\Altium\Shared Documents\Altium\Projects\paid_training\28Pins_Schematic.SchDoc with RC0805FR-0710KL from 28Pins_Project.SchLib
Replace Part R? RC0805FR-0710KL in E:\Altium\Shared Documents\Altium\Projects\paid_training\28Pins_Schematic.SchDoc with RC0805FR-0710KL from 28Pins_Project.SchLib
Replace Part R? RC0805FR-071KL in E:\Altium\Shared Documents\Altium\Projects\paid_training\28Pins_Schematic.SchDoc with RC0805FR-071KL from 28Pins_Project.SchLib
Replace Part R? RC0805FR-0722RL in E:\Altium\Shared Documents\Altium\Projects\paid_training\28Pins_Schematic.SchDoc with RC0805FR-0722RL from 28Pins_Project.SchLib
Replace Part R? RC0805FR-0710KL in E:\Altium\Shared Documents\Altium\Projects\paid_training\28Pins_Schematic.SchDoc with RC0805FR-0710KL from 28Pins_Project.SchLib
Replace Part R? RC0805FR-0710KL in E:\Altium\Shared Documents\Altium\Projects\paid_training\28Pins_Schematic.SchDoc with RC0805FR-0710KL from 28Pins_Project.SchLib
Replace Part R? RC0805FR-07560RL in E:\Altium\Shared Documents\Altium\Projects\paid_training\28Pins_Schematic.SchDoc with RC0805FR-07560RL from 28Pins_Project.SchLib
Replace Part R? RC0805FR-07560RL in E:\Altium\Shared Documents\Altium\Projects\paid_training\28Pins_Schematic.SchDoc with RC0805FR-07560RL from 28Pins_Project.SchLib
Replace Part R? RC0805FR-07560RL in E:\Altium\Shared Documents\Altium\Projects\paid_training\28Pins_Schematic.SchDoc with RC0805FR-07560RL from 28Pins_Project.SchLib
Replace Part R? RC0805FR-07560RL in E:\Altium\Shared Documents\Altium\Projects\paid_training\28Pins_Schematic.SchDoc with RC0805FR-07560RL from 28Pins_Project.SchLib
Replace Part R? CR0805AJ/-000EAS in E:\Altium\Shared Documents\Altium\Projects\paid_training\28Pins_Schematic.SchDoc with CR0805AJ/-000EAS from 28Pins_Project.SchLib
Replace Part R? CR0805AJ/-000EAS in E:\Altium\Shared Documents\Altium\Projects\paid_training\28Pins_Schematic.SchDoc with CR0805AJ/-000EAS from 28Pins_Project.SchLib
Replace Part R? RC0805FR-07100KL in E:\Altium\Shared Documents\Altium\Projects\paid_training\28Pins_Schematic.SchDoc with RC0805FR-07100KL from 28Pins_Project.SchLib
Replace Part R? CR0805AJ/-000EAS in E:\Altium\Shared Documents\Altium\Projects\paid_training\28Pins_Schematic.SchDoc with CR0805AJ/-000EAS from 28Pins_Project.SchLib
Replace Part SW? TL1105AF160Q in E:\Altium\Shared Documents\Altium\Projects\paid_training\28Pins_Schematic.SchDoc with TL1105AF160Q from 28Pins_Project.SchLib
Replace Part U? ATMEGA16U2-AUR in E:\Altium\Shared Documents\Altium\Projects\paid_training\28Pins_Schematic.SchDoc with ATMEGA16U2-AUR from 28Pins_Project.SchLib
Replace Part U? ATMEGA328P-PU in E:\Altium\Shared Documents\Altium\Projects\paid_training\28Pins_Schematic.SchDoc with ATMEGA328P-PU from 28Pins_Project.SchLib
Replace Part U? TC7SH09FU,LJ(CT in E:\Altium\Shared Documents\Altium\Projects\paid_training\28Pins_Schematic.SchDoc with TC7SH09FU,LJ(CT from 28Pins_Project.SchLib
Replace Part U? TC7SH09FU,LJ(CT in E:\Altium\Shared Documents\Altium\Projects\paid_training\28Pins_Schematic.SchDoc with TC7SH09FU,LJ(CT from 28Pins_Project.SchLib
Replace Part U? TC7SH09FU,LJ(CT in E:\Altium\Shared Documents\Altium\Projects\paid_training\28Pins_Schematic.SchDoc with TC7SH09FU,LJ(CT from 28Pins_Project.SchLib
Replace Part U? TL1963A-33DCQR in E:\Altium\Shared Documents\Altium\Projects\paid_training\28Pins_Schematic.SchDoc with TL1963A-33DCQR from 28Pins_Project.SchLib
Replace Part Y? ABM7-16.000MHZ-4-T in E:\Altium\Shared Documents\Altium\Projects\paid_training\28Pins_Schematic.SchDoc with ABM7-16.000MHZ-4-T from 28Pins_Project.SchLib
Replace Part Y? ABM7-16.000MHZ-4-T in E:\Altium\Shared Documents\Altium\Projects\paid_training\28Pins_Schematic.SchDoc with ABM7-16.000MHZ-4-T from 28Pins_Project.SchLib
