Replace Part C1 EEE-1AA101WAR in E:\Altium\Shared Documents\Altium\Projects\paid_training\28Pins_Schematic.SchDoc with EEE-1AA101WAR from 28Pins_Project.SchLib
Replace Part C2 EEE-1AA101WAR in E:\Altium\Shared Documents\Altium\Projects\paid_training\28Pins_Schematic.SchDoc with EEE-1AA101WAR from 28Pins_Project.SchLib
Replace Part C3 GRM21BR61C106KE15L in E:\Altium\Shared Documents\Altium\Projects\paid_training\28Pins_Schematic.SchDoc with GRM21BR61C106KE15L from 28Pins_Project.SchLib
Replace Part C4 08055C104K4T4A in E:\Altium\Shared Documents\Altium\Projects\paid_training\28Pins_Schematic.SchDoc with 08055C104K4T4A from 28Pins_Project.SchLib
Replace Part C5 08055C104K4T4A in E:\Altium\Shared Documents\Altium\Projects\paid_training\28Pins_Schematic.SchDoc with 08055C104K4T4A from 28Pins_Project.SchLib
Replace Part C6 08055C104K4T4A in E:\Altium\Shared Documents\Altium\Projects\paid_training\28Pins_Schematic.SchDoc with 08055C104K4T4A from 28Pins_Project.SchLib
Replace Part C7 C2012X5R1E105K125AA in E:\Altium\Shared Documents\Altium\Projects\paid_training\28Pins_Schematic.SchDoc with C2012X5R1E105K125AA from 28Pins_Project.SchLib
Replace Part C8 08055C104K4T4A in E:\Altium\Shared Documents\Altium\Projects\paid_training\28Pins_Schematic.SchDoc with 08055C104K4T4A from 28Pins_Project.SchLib
Replace Part C9 GJM1551C1HR56BB01D in E:\Altium\Shared Documents\Altium\Projects\paid_training\28Pins_Schematic.SchDoc with GJM1551C1HR56BB01D from 28Pins_Project.SchLib
Replace Part C10 GJM1551C1HR56BB01D in E:\Altium\Shared Documents\Altium\Projects\paid_training\28Pins_Schematic.SchDoc with GJM1551C1HR56BB01D from 28Pins_Project.SchLib
Replace Part C11 08055C104K4T4A in E:\Altium\Shared Documents\Altium\Projects\paid_training\28Pins_Schematic.SchDoc with 08055C104K4T4A from 28Pins_Project.SchLib
Replace Part C12 GRM21BR61C106KE15L in E:\Altium\Shared Documents\Altium\Projects\paid_training\28Pins_Schematic.SchDoc with GRM21BR61C106KE15L from 28Pins_Project.SchLib
Replace Part C13 GRM21BR61C106KE15L in E:\Altium\Shared Documents\Altium\Projects\paid_training\28Pins_Schematic.SchDoc with GRM21BR61C106KE15L from 28Pins_Project.SchLib
Replace Part C14 08055C104K4T4A in E:\Altium\Shared Documents\Altium\Projects\paid_training\28Pins_Schematic.SchDoc with 08055C104K4T4A from 28Pins_Project.SchLib
Replace Part C15 08055C104K4T4A in E:\Altium\Shared Documents\Altium\Projects\paid_training\28Pins_Schematic.SchDoc with 08055C104K4T4A from 28Pins_Project.SchLib
Replace Part C16 08055C104K4T4A in E:\Altium\Shared Documents\Altium\Projects\paid_training\28Pins_Schematic.SchDoc with 08055C104K4T4A from 28Pins_Project.SchLib
Replace Part C17 08055C104K4T4A in E:\Altium\Shared Documents\Altium\Projects\paid_training\28Pins_Schematic.SchDoc with 08055C104K4T4A from 28Pins_Project.SchLib
Replace Part C19 GRM21BR61C106KE15L in E:\Altium\Shared Documents\Altium\Projects\paid_training\28Pins_Schematic.SchDoc with GRM21BR61C106KE15L from 28Pins_Project.SchLib
Replace Part C20 08055C104K4T4A in E:\Altium\Shared Documents\Altium\Projects\paid_training\28Pins_Schematic.SchDoc with 08055C104K4T4A from 28Pins_Project.SchLib
Replace Part C21 GRM21BR61C106KE15L in E:\Altium\Shared Documents\Altium\Projects\paid_training\28Pins_Schematic.SchDoc with GRM21BR61C106KE15L from 28Pins_Project.SchLib
Replace Part C22 GRM21BR61C106KE15L in E:\Altium\Shared Documents\Altium\Projects\paid_training\28Pins_Schematic.SchDoc with GRM21BR61C106KE15L from 28Pins_Project.SchLib
Replace Part C23 08055C104K4T4A in E:\Altium\Shared Documents\Altium\Projects\paid_training\28Pins_Schematic.SchDoc with 08055C104K4T4A from 28Pins_Project.SchLib
Replace Part C24 08055C104K4T4A in E:\Altium\Shared Documents\Altium\Projects\paid_training\28Pins_Schematic.SchDoc with 08055C104K4T4A from 28Pins_Project.SchLib
Replace Part C25 GJM1551C1HR56BB01D in E:\Altium\Shared Documents\Altium\Projects\paid_training\28Pins_Schematic.SchDoc with GJM1551C1HR56BB01D from 28Pins_Project.SchLib
Replace Part C26 08055C104K4T4A in E:\Altium\Shared Documents\Altium\Projects\paid_training\28Pins_Schematic.SchDoc with 08055C104K4T4A from 28Pins_Project.SchLib
Replace Part C27 GJM1551C1HR56BB01D in E:\Altium\Shared Documents\Altium\Projects\paid_training\28Pins_Schematic.SchDoc with GJM1551C1HR56BB01D from 28Pins_Project.SchLib
Replace Part C28 08055C104K4T4A in E:\Altium\Shared Documents\Altium\Projects\paid_training\28Pins_Schematic.SchDoc with 08055C104K4T4A from 28Pins_Project.SchLib
Replace Part C29 08055C104K4T4A in E:\Altium\Shared Documents\Altium\Projects\paid_training\28Pins_Schematic.SchDoc with 08055C104K4T4A from 28Pins_Project.SchLib
Replace Part C30 08055C104K4T4A in E:\Altium\Shared Documents\Altium\Projects\paid_training\28Pins_Schematic.SchDoc with 08055C104K4T4A from 28Pins_Project.SchLib
Replace Part C31 08055C104K4T4A in E:\Altium\Shared Documents\Altium\Projects\paid_training\28Pins_Schematic.SchDoc with 08055C104K4T4A from 28Pins_Project.SchLib
Replace Part C32 08055C104K4T4A in E:\Altium\Shared Documents\Altium\Projects\paid_training\28Pins_Schematic.SchDoc with 08055C104K4T4A from 28Pins_Project.SchLib
Replace Part C33 08055C104K4T4A in E:\Altium\Shared Documents\Altium\Projects\paid_training\28Pins_Schematic.SchDoc with 08055C104K4T4A from 28Pins_Project.SchLib
Replace Part C34 GRM21BR61C106KE15L in E:\Altium\Shared Documents\Altium\Projects\paid_training\28Pins_Schematic.SchDoc with GRM21BR61C106KE15L from 28Pins_Project.SchLib
Replace Part D1 LGL29K-F2J1-24-Z in E:\Altium\Shared Documents\Altium\Projects\paid_training\28Pins_Schematic.SchDoc with LGL29K-F2J1-24-Z from 28Pins_Project.SchLib
Replace Part D2 LOL29K-H2K1-24-Z in E:\Altium\Shared Documents\Altium\Projects\paid_training\28Pins_Schematic.SchDoc with LOL29K-H2K1-24-Z from 28Pins_Project.SchLib
Replace Part D3 LOL29K-H2K1-24-Z in E:\Altium\Shared Documents\Altium\Projects\paid_training\28Pins_Schematic.SchDoc with LOL29K-H2K1-24-Z from 28Pins_Project.SchLib
Replace Part D4 LOL29K-H2K1-24-Z in E:\Altium\Shared Documents\Altium\Projects\paid_training\28Pins_Schematic.SchDoc with LOL29K-H2K1-24-Z from 28Pins_Project.SchLib
Replace Part D5 RB520S30 in E:\Altium\Shared Documents\Altium\Projects\paid_training\28Pins_Schematic.SchDoc with RB520S30 from 28Pins_Project.SchLib
Replace Part D6 RB520S30 in E:\Altium\Shared Documents\Altium\Projects\paid_training\28Pins_Schematic.SchDoc with RB520S30 from 28Pins_Project.SchLib
Replace Part FB1 MH2029-221Y in E:\Altium\Shared Documents\Altium\Projects\paid_training\28Pins_Schematic.SchDoc with MH2029-221Y from 28Pins_Project.SchLib
Replace Part FB2 MH2029-221Y in E:\Altium\Shared Documents\Altium\Projects\paid_training\28Pins_Schematic.SchDoc with MH2029-221Y from 28Pins_Project.SchLib
Replace Part FB3 MH2029-221Y in E:\Altium\Shared Documents\Altium\Projects\paid_training\28Pins_Schematic.SchDoc with MH2029-221Y from 28Pins_Project.SchLib
Replace Part FID1 FID_1MMC in E:\Altium\Shared Documents\Altium\Projects\paid_training\28Pins_Schematic.SchDoc with FID_1MMC from 28Pins_Project.SchLib
Replace Part FID2 FID_1MMC in E:\Altium\Shared Documents\Altium\Projects\paid_training\28Pins_Schematic.SchDoc with FID_1MMC from 28Pins_Project.SchLib
Replace Part FID3 FID_1MMC in E:\Altium\Shared Documents\Altium\Projects\paid_training\28Pins_Schematic.SchDoc with FID_1MMC from 28Pins_Project.SchLib
Replace Part FID4 FID_1MMC in E:\Altium\Shared Documents\Altium\Projects\paid_training\28Pins_Schematic.SchDoc with FID_1MMC from 28Pins_Project.SchLib
Replace Part J1 M20-7820842 in E:\Altium\Shared Documents\Altium\Projects\paid_training\28Pins_Schematic.SchDoc with M20-7820842 from 28Pins_Project.SchLib
Replace Part J2 M20-7820646 in E:\Altium\Shared Documents\Altium\Projects\paid_training\28Pins_Schematic.SchDoc with M20-7820646 from 28Pins_Project.SchLib
Replace Part J3 M20-7820842 in E:\Altium\Shared Documents\Altium\Projects\paid_training\28Pins_Schematic.SchDoc with M20-7820842 from 28Pins_Project.SchLib
Replace Part J4 M20-7821046 in E:\Altium\Shared Documents\Altium\Projects\paid_training\28Pins_Schematic.SchDoc with M20-7821046 from 28Pins_Project.SchLib
Replace Part J5 68602-206HLF in E:\Altium\Shared Documents\Altium\Projects\paid_training\28Pins_Schematic.SchDoc with 68602-206HLF from 28Pins_Project.SchLib
Replace Part J6 68602-206HLF in E:\Altium\Shared Documents\Altium\Projects\paid_training\28Pins_Schematic.SchDoc with 68602-206HLF from 28Pins_Project.SchLib
Replace Part J7 10118192-0001LF in E:\Altium\Shared Documents\Altium\Projects\paid_training\28Pins_Schematic.SchDoc with 10118192-0001LF from 28Pins_Project.SchLib
Replace Part J8 PAD_WITH_HOLE in E:\Altium\Shared Documents\Altium\Projects\paid_training\28Pins_Schematic.SchDoc with PAD_WITH_HOLE from 28Pins_Project.SchLib
Replace Part J9 PAD_WITH_HOLE in E:\Altium\Shared Documents\Altium\Projects\paid_training\28Pins_Schematic.SchDoc with PAD_WITH_HOLE from 28Pins_Project.SchLib
Replace Part JP1 68000-103HLF in E:\Altium\Shared Documents\Altium\Projects\paid_training\28Pins_Schematic.SchDoc with 68000-103HLF from 28Pins_Project.SchLib
Replace Part JP2 77313-124-04LF in E:\Altium\Shared Documents\Altium\Projects\paid_training\28Pins_Schematic.SchDoc with 77313-124-04LF from 28Pins_Project.SchLib
Replace Part JP3 68001-204HLF in E:\Altium\Shared Documents\Altium\Projects\paid_training\28Pins_Schematic.SchDoc with 68001-204HLF from 28Pins_Project.SchLib
Replace Part JP4 68000-103HLF in E:\Altium\Shared Documents\Altium\Projects\paid_training\28Pins_Schematic.SchDoc with 68000-103HLF from 28Pins_Project.SchLib
Replace Part L1 L1210R2R2MDWIT in E:\Altium\Shared Documents\Altium\Projects\paid_training\28Pins_Schematic.SchDoc with L1210R2R2MDWIT from 28Pins_Project.SchLib
Replace Part LINK1 QPC02SXGN-RC in E:\Altium\Shared Documents\Altium\Projects\paid_training\28Pins_Schematic.SchDoc with QPC02SXGN-RC from 28Pins_Project.SchLib
Replace Part LINK2 QPC02SXGN-RC in E:\Altium\Shared Documents\Altium\Projects\paid_training\28Pins_Schematic.SchDoc with QPC02SXGN-RC from 28Pins_Project.SchLib
Replace Part LINK3 QPC02SXGN-RC in E:\Altium\Shared Documents\Altium\Projects\paid_training\28Pins_Schematic.SchDoc with QPC02SXGN-RC from 28Pins_Project.SchLib
Replace Part MH1 MH_7.4MMNC_3.2MMD in E:\Altium\Shared Documents\Altium\Projects\paid_training\28Pins_Schematic.SchDoc with MH_7.4MMNC_3.2MMD from 28Pins_Project.SchLib
Replace Part MH2 MH_7.4MMNC_3.2MMD in E:\Altium\Shared Documents\Altium\Projects\paid_training\28Pins_Schematic.SchDoc with MH_7.4MMNC_3.2MMD from 28Pins_Project.SchLib
Replace Part MH3 MH_7.4MMNC_3.2MMD in E:\Altium\Shared Documents\Altium\Projects\paid_training\28Pins_Schematic.SchDoc with MH_7.4MMNC_3.2MMD from 28Pins_Project.SchLib
Replace Part MH4 MH_7.4MMNC_3.2MMD in E:\Altium\Shared Documents\Altium\Projects\paid_training\28Pins_Schematic.SchDoc with MH_7.4MMNC_3.2MMD from 28Pins_Project.SchLib
Replace Part R1 RC0805FR-07100KL in E:\Altium\Shared Documents\Altium\Projects\paid_training\28Pins_Schematic.SchDoc with RC0805FR-07100KL from 28Pins_Project.SchLib
Replace Part R2 RC0805FR-07560RL in E:\Altium\Shared Documents\Altium\Projects\paid_training\28Pins_Schematic.SchDoc with RC0805FR-07560RL from 28Pins_Project.SchLib
Replace Part R3 RC0805FR-07560RL in E:\Altium\Shared Documents\Altium\Projects\paid_training\28Pins_Schematic.SchDoc with RC0805FR-07560RL from 28Pins_Project.SchLib
Replace Part R4 RC0805FR-0710KL in E:\Altium\Shared Documents\Altium\Projects\paid_training\28Pins_Schematic.SchDoc with RC0805FR-0710KL from 28Pins_Project.SchLib
Replace Part R5 RC0805FR-0722RL in E:\Altium\Shared Documents\Altium\Projects\paid_training\28Pins_Schematic.SchDoc with RC0805FR-0722RL from 28Pins_Project.SchLib
Replace Part R6 RC0805FR-0722RL in E:\Altium\Shared Documents\Altium\Projects\paid_training\28Pins_Schematic.SchDoc with RC0805FR-0722RL from 28Pins_Project.SchLib
Replace Part R7 RC0805FR-0722RL in E:\Altium\Shared Documents\Altium\Projects\paid_training\28Pins_Schematic.SchDoc with RC0805FR-0722RL from 28Pins_Project.SchLib
Replace Part R8 CR0805AJ/-000EAS in E:\Altium\Shared Documents\Altium\Projects\paid_training\28Pins_Schematic.SchDoc with CR0805AJ/-000EAS from 28Pins_Project.SchLib
Replace Part R9 RC0805FR-071ML in E:\Altium\Shared Documents\Altium\Projects\paid_training\28Pins_Schematic.SchDoc with RC0805FR-071ML from 28Pins_Project.SchLib
Replace Part R10 RC0805FR-071KL in E:\Altium\Shared Documents\Altium\Projects\paid_training\28Pins_Schematic.SchDoc with RC0805FR-071KL from 28Pins_Project.SchLib
Replace Part R11 RC0805FR-071KL in E:\Altium\Shared Documents\Altium\Projects\paid_training\28Pins_Schematic.SchDoc with RC0805FR-071KL from 28Pins_Project.SchLib
Replace Part R12 RC0805FR-071KL in E:\Altium\Shared Documents\Altium\Projects\paid_training\28Pins_Schematic.SchDoc with RC0805FR-071KL from 28Pins_Project.SchLib
Replace Part R13 RC0805FR-0722RL in E:\Altium\Shared Documents\Altium\Projects\paid_training\28Pins_Schematic.SchDoc with RC0805FR-0722RL from 28Pins_Project.SchLib
Replace Part R14 RC0805FR-0710KL in E:\Altium\Shared Documents\Altium\Projects\paid_training\28Pins_Schematic.SchDoc with RC0805FR-0710KL from 28Pins_Project.SchLib
Replace Part R15 RC0805FR-07560RL in E:\Altium\Shared Documents\Altium\Projects\paid_training\28Pins_Schematic.SchDoc with RC0805FR-07560RL from 28Pins_Project.SchLib
Replace Part R16 RC0805FR-071ML in E:\Altium\Shared Documents\Altium\Projects\paid_training\28Pins_Schematic.SchDoc with RC0805FR-071ML from 28Pins_Project.SchLib
Replace Part R17 RC0805FR-07560RL in E:\Altium\Shared Documents\Altium\Projects\paid_training\28Pins_Schematic.SchDoc with RC0805FR-07560RL from 28Pins_Project.SchLib
Replace Part R18 RC0805FR-0710KL in E:\Altium\Shared Documents\Altium\Projects\paid_training\28Pins_Schematic.SchDoc with RC0805FR-0710KL from 28Pins_Project.SchLib
Replace Part R19 RC0805FR-0710KL in E:\Altium\Shared Documents\Altium\Projects\paid_training\28Pins_Schematic.SchDoc with RC0805FR-0710KL from 28Pins_Project.SchLib
Replace Part R20 RC0805FR-0710KL in E:\Altium\Shared Documents\Altium\Projects\paid_training\28Pins_Schematic.SchDoc with RC0805FR-0710KL from 28Pins_Project.SchLib
Replace Part R21 RC0805FR-0710KL in E:\Altium\Shared Documents\Altium\Projects\paid_training\28Pins_Schematic.SchDoc with RC0805FR-0710KL from 28Pins_Project.SchLib
Replace Part R22 RC0805FR-07560RL in E:\Altium\Shared Documents\Altium\Projects\paid_training\28Pins_Schematic.SchDoc with RC0805FR-07560RL from 28Pins_Project.SchLib
Replace Part R23 RC0805FR-0722RL in E:\Altium\Shared Documents\Altium\Projects\paid_training\28Pins_Schematic.SchDoc with RC0805FR-0722RL from 28Pins_Project.SchLib
Replace Part R24 RC0805FR-0722RL in E:\Altium\Shared Documents\Altium\Projects\paid_training\28Pins_Schematic.SchDoc with RC0805FR-0722RL from 28Pins_Project.SchLib
Replace Part R25 RC0805FR-0722RL in E:\Altium\Shared Documents\Altium\Projects\paid_training\28Pins_Schematic.SchDoc with RC0805FR-0722RL from 28Pins_Project.SchLib
Replace Part R26 CR0805AJ/-000EAS in E:\Altium\Shared Documents\Altium\Projects\paid_training\28Pins_Schematic.SchDoc with CR0805AJ/-000EAS from 28Pins_Project.SchLib
Replace Part R27 CR0805AJ/-000EAS in E:\Altium\Shared Documents\Altium\Projects\paid_training\28Pins_Schematic.SchDoc with CR0805AJ/-000EAS from 28Pins_Project.SchLib
Replace Part R28 CR0805AJ/-000EAS in E:\Altium\Shared Documents\Altium\Projects\paid_training\28Pins_Schematic.SchDoc with CR0805AJ/-000EAS from 28Pins_Project.SchLib
Replace Part SCKT FOR U1 4828-6004-CP in E:\Altium\Shared Documents\Altium\Projects\paid_training\28Pins_Schematic.SchDoc with 4828-6004-CP from 28Pins_Project.SchLib
Replace Part SW1 TL1105AF160Q in E:\Altium\Shared Documents\Altium\Projects\paid_training\28Pins_Schematic.SchDoc with TL1105AF160Q from 28Pins_Project.SchLib
Replace Part SW2 TL1105AF160Q in E:\Altium\Shared Documents\Altium\Projects\paid_training\28Pins_Schematic.SchDoc with TL1105AF160Q from 28Pins_Project.SchLib
Replace Part U1 ATMEGA328P-PU in E:\Altium\Shared Documents\Altium\Projects\paid_training\28Pins_Schematic.SchDoc with ATMEGA328P-PU from 28Pins_Project.SchLib
Replace Part U2 ATMEGA16U2-AUR in E:\Altium\Shared Documents\Altium\Projects\paid_training\28Pins_Schematic.SchDoc with ATMEGA16U2-AUR from 28Pins_Project.SchLib
Replace Part U3 TL1963A-33DCQR in E:\Altium\Shared Documents\Altium\Projects\paid_training\28Pins_Schematic.SchDoc with TL1963A-33DCQR from 28Pins_Project.SchLib
Replace Part U4 TC7SH09FU,LJ(CT in E:\Altium\Shared Documents\Altium\Projects\paid_training\28Pins_Schematic.SchDoc with TC7SH09FU,LJ(CT from 28Pins_Project.SchLib
Replace Part U5 TC7SH09FU,LJ(CT in E:\Altium\Shared Documents\Altium\Projects\paid_training\28Pins_Schematic.SchDoc with TC7SH09FU,LJ(CT from 28Pins_Project.SchLib
Replace Part U6 TC7SH09FU,LJ(CT in E:\Altium\Shared Documents\Altium\Projects\paid_training\28Pins_Schematic.SchDoc with TC7SH09FU,LJ(CT from 28Pins_Project.SchLib
Replace Part U7 TC7SH09FU,LJ(CT in E:\Altium\Shared Documents\Altium\Projects\paid_training\28Pins_Schematic.SchDoc with TC7SH09FU,LJ(CT from 28Pins_Project.SchLib
Replace Part Y1 ABM7-16.000MHZ-4-T in E:\Altium\Shared Documents\Altium\Projects\paid_training\28Pins_Schematic.SchDoc with ABM7-16.000MHZ-4-T from 28Pins_Project.SchLib
Replace Part Y2 ABM7-16.000MHZ-4-T in E:\Altium\Shared Documents\Altium\Projects\paid_training\28Pins_Schematic.SchDoc with ABM7-16.000MHZ-4-T from 28Pins_Project.SchLib
Replace Part Z1 CG0603MLC-05LEA in E:\Altium\Shared Documents\Altium\Projects\paid_training\28Pins_Schematic.SchDoc with CG0603MLC-05LEA from 28Pins_Project.SchLib
Replace Part Z2 CG0603MLC-05LEA in E:\Altium\Shared Documents\Altium\Projects\paid_training\28Pins_Schematic.SchDoc with CG0603MLC-05LEA from 28Pins_Project.SchLib
