Replace Part C? 08055C104K4T4A in E:\Altium\Shared Documents\Altium\Projects\paid_training\28Pins_Schematic.SchDoc with 08055C104K4T4A from 28Pins_Project.SchLib
Replace Part C? GRM21BR61C106KE15L in E:\Altium\Shared Documents\Altium\Projects\paid_training\28Pins_Schematic.SchDoc with GRM21BR61C106KE15L from 28Pins_Project.SchLib
Replace Part C? 08055C104K4T4A in E:\Altium\Shared Documents\Altium\Projects\paid_training\28Pins_Schematic.SchDoc with 08055C104K4T4A from 28Pins_Project.SchLib
Replace Part C? GRM21BR61C106KE15L in E:\Altium\Shared Documents\Altium\Projects\paid_training\28Pins_Schematic.SchDoc with GRM21BR61C106KE15L from 28Pins_Project.SchLib
Replace Part C? 08055C104K4T4A in E:\Altium\Shared Documents\Altium\Projects\paid_training\28Pins_Schematic.SchDoc with 08055C104K4T4A from 28Pins_Project.SchLib
Replace Part C? GJM1551C1HR56BB01D in E:\Altium\Shared Documents\Altium\Projects\paid_training\28Pins_Schematic.SchDoc with GJM1551C1HR56BB01D from 28Pins_Project.SchLib
Replace Part C? GJM1551C1HR56BB01D in E:\Altium\Shared Documents\Altium\Projects\paid_training\28Pins_Schematic.SchDoc with GJM1551C1HR56BB01D from 28Pins_Project.SchLib
Replace Part C? 08055C104K4T4A in E:\Altium\Shared Documents\Altium\Projects\paid_training\28Pins_Schematic.SchDoc with 08055C104K4T4A from 28Pins_Project.SchLib
Replace Part C? 08055C104K4T4A in E:\Altium\Shared Documents\Altium\Projects\paid_training\28Pins_Schematic.SchDoc with 08055C104K4T4A from 28Pins_Project.SchLib
Replace Part C? 08055C104K4T4A in E:\Altium\Shared Documents\Altium\Projects\paid_training\28Pins_Schematic.SchDoc with 08055C104K4T4A from 28Pins_Project.SchLib
Replace Part C? GRM21BR61C106KE15L in E:\Altium\Shared Documents\Altium\Projects\paid_training\28Pins_Schematic.SchDoc with GRM21BR61C106KE15L from 28Pins_Project.SchLib
Replace Part C? GJM1551C1HR56BB01D in E:\Altium\Shared Documents\Altium\Projects\paid_training\28Pins_Schematic.SchDoc with GJM1551C1HR56BB01D from 28Pins_Project.SchLib
Replace Part C? GJM1551C1HR56BB01D in E:\Altium\Shared Documents\Altium\Projects\paid_training\28Pins_Schematic.SchDoc with GJM1551C1HR56BB01D from 28Pins_Project.SchLib
Replace Part C? GRM21BR61C106KE15L in E:\Altium\Shared Documents\Altium\Projects\paid_training\28Pins_Schematic.SchDoc with GRM21BR61C106KE15L from 28Pins_Project.SchLib
Replace Part C? 08055C104K4T4A in E:\Altium\Shared Documents\Altium\Projects\paid_training\28Pins_Schematic.SchDoc with 08055C104K4T4A from 28Pins_Project.SchLib
Replace Part C? 08055C104K4T4A in E:\Altium\Shared Documents\Altium\Projects\paid_training\28Pins_Schematic.SchDoc with 08055C104K4T4A from 28Pins_Project.SchLib
Replace Part C? 08055C104K4T4A in E:\Altium\Shared Documents\Altium\Projects\paid_training\28Pins_Schematic.SchDoc with 08055C104K4T4A from 28Pins_Project.SchLib
Replace Part C? 08055C104K4T4A in E:\Altium\Shared Documents\Altium\Projects\paid_training\28Pins_Schematic.SchDoc with 08055C104K4T4A from 28Pins_Project.SchLib
Replace Part C? GRM21BR61C106KE15L in E:\Altium\Shared Documents\Altium\Projects\paid_training\28Pins_Schematic.SchDoc with GRM21BR61C106KE15L from 28Pins_Project.SchLib
Replace Part C? 08055C104K4T4A in E:\Altium\Shared Documents\Altium\Projects\paid_training\28Pins_Schematic.SchDoc with 08055C104K4T4A from 28Pins_Project.SchLib
Replace Part FB? MH2029-221Y in E:\Altium\Shared Documents\Altium\Projects\paid_training\28Pins_Schematic.SchDoc with MH2029-221Y from 28Pins_Project.SchLib
Replace Part FB? MH2029-221Y in E:\Altium\Shared Documents\Altium\Projects\paid_training\28Pins_Schematic.SchDoc with MH2029-221Y from 28Pins_Project.SchLib
Replace Part FB? MH2029-221Y in E:\Altium\Shared Documents\Altium\Projects\paid_training\28Pins_Schematic.SchDoc with MH2029-221Y from 28Pins_Project.SchLib
Replace Part J? M20-7821046 in E:\Altium\Shared Documents\Altium\Projects\paid_training\28Pins_Schematic.SchDoc with M20-7821046 from 28Pins_Project.SchLib
Replace Part J? M20-7820646 in E:\Altium\Shared Documents\Altium\Projects\paid_training\28Pins_Schematic.SchDoc with M20-7820646 from 28Pins_Project.SchLib
Replace Part J? M20-7820842 in E:\Altium\Shared Documents\Altium\Projects\paid_training\28Pins_Schematic.SchDoc with M20-7820842 from 28Pins_Project.SchLib
Replace Part J? M20-7820842 in E:\Altium\Shared Documents\Altium\Projects\paid_training\28Pins_Schematic.SchDoc with M20-7820842 from 28Pins_Project.SchLib
Replace Part J? 68602-206HLF in E:\Altium\Shared Documents\Altium\Projects\paid_training\28Pins_Schematic.SchDoc with 68602-206HLF from 28Pins_Project.SchLib
Replace Part J? 68602-206HLF in E:\Altium\Shared Documents\Altium\Projects\paid_training\28Pins_Schematic.SchDoc with 68602-206HLF from 28Pins_Project.SchLib
Replace Part J? 77313-124-04LF in E:\Altium\Shared Documents\Altium\Projects\paid_training\28Pins_Schematic.SchDoc with 77313-124-04LF from 28Pins_Project.SchLib
Replace Part R? RC0805FR-071ML in E:\Altium\Shared Documents\Altium\Projects\paid_training\28Pins_Schematic.SchDoc with RC0805FR-071ML from 28Pins_Project.SchLib
Replace Part R? RC0805FR-071ML in E:\Altium\Shared Documents\Altium\Projects\paid_training\28Pins_Schematic.SchDoc with RC0805FR-071ML from 28Pins_Project.SchLib
Replace Part R? RC0805FR-0722RL in E:\Altium\Shared Documents\Altium\Projects\paid_training\28Pins_Schematic.SchDoc with RC0805FR-0722RL from 28Pins_Project.SchLib
Replace Part R? RC0805FR-071KL in E:\Altium\Shared Documents\Altium\Projects\paid_training\28Pins_Schematic.SchDoc with RC0805FR-071KL from 28Pins_Project.SchLib
Replace Part R? RC0805FR-071KL in E:\Altium\Shared Documents\Altium\Projects\paid_training\28Pins_Schematic.SchDoc with RC0805FR-071KL from 28Pins_Project.SchLib
Replace Part R? RC0805FR-0722RL in E:\Altium\Shared Documents\Altium\Projects\paid_training\28Pins_Schematic.SchDoc with RC0805FR-0722RL from 28Pins_Project.SchLib
Replace Part U? ATMEGA16U2-AUR in E:\Altium\Shared Documents\Altium\Projects\paid_training\28Pins_Schematic.SchDoc with ATMEGA16U2-AUR from 28Pins_Project.SchLib
Replace Part U? ATMEGA328P-PU in E:\Altium\Shared Documents\Altium\Projects\paid_training\28Pins_Schematic.SchDoc with ATMEGA328P-PU from 28Pins_Project.SchLib
Replace Part Y? ABM7-16.000MHZ-4-T in E:\Altium\Shared Documents\Altium\Projects\paid_training\28Pins_Schematic.SchDoc with ABM7-16.000MHZ-4-T from 28Pins_Project.SchLib
Replace Part Y? ABM7-16.000MHZ-4-T in E:\Altium\Shared Documents\Altium\Projects\paid_training\28Pins_Schematic.SchDoc with ABM7-16.000MHZ-4-T from 28Pins_Project.SchLib
