Removed Pin From Net: NetName=328P_16MHZ_XTAL2 Pin=C9-1
Removed Pin From Net: NetName=328P_16MHZ_XTAL2 Pin=R9-2
Removed Pin From Net: NetName=328P_16MHZ_XTAL2 Pin=U2-2
Removed Pin From Net: NetName=328P_16MHZ_XTAL2 Pin=Y2-2
Added Pin To Net: NetName=16U2_16MHZ_XTAL1 Pin=C10-1
Added Pin To Net: NetName=16U2_16MHZ_XTAL1 Pin=R9-1
Added Pin To Net: NetName=16U2_16MHZ_XTAL1 Pin=U2-1
Added Pin To Net: NetName=16U2_16MHZ_XTAL1 Pin=Y2-1
Change Net Color : Old Net Color=RGB(218, 36, 103) New Net Color=Default
Change Net Color : Old Net Color=RGB(0, 156, 202) New Net Color=Default
Change Net Color : Old Net Color=RGB(253, 131, 0) New Net Color=Default
Change Net Color : Old Net Color=RGB(0, 0, 180) New Net Color=Default
Added Pin To Net: NetName=16U2_16MHZ_XTAL2 Pin=C9-1
Added Pin To Net: NetName=16U2_16MHZ_XTAL2 Pin=R9-2
Added Pin To Net: NetName=16U2_16MHZ_XTAL2 Pin=U2-2
Added Pin To Net: NetName=16U2_16MHZ_XTAL2 Pin=Y2-2
Added Net: Name=16U2_16MHZ_XTAL2
Added Member To Class: ClassName=28Pins_Schematic Member=Component J4 HDR FEMALE 1x10 2.54mm
Added Member To Class: ClassName=28Pins_Schematic Member=Component MH1 MH_7.4MMC_3.2MMD
Added Member To Class: ClassName=28Pins_Schematic Member=Component MH4 MH_7.4MMNC_3.2MMD
