Removed Pin From Net: NetName=5V Pin=C2-1
Removed Pin From Net: NetName=5V Pin=C6-2
Removed Pin From Net: NetName=5V Pin=C12-2
Removed Pin From Net: NetName=5V Pin=C13-2
Removed Pin From Net: NetName=5V Pin=C14-2
Removed Pin From Net: NetName=5V Pin=C16-2
Removed Pin From Net: NetName=5V Pin=J1-4
Removed Pin From Net: NetName=5V Pin=J1-5
Removed Pin From Net: NetName=5V Pin=J8-1
Removed Pin From Net: NetName=5V Pin=JP4-1
Removed Pin From Net: NetName=5V Pin=JP4-3
Removed Pin From Net: NetName=5V Pin=L1-2
Removed Pin From Net: NetName=5V Pin=R27-1
Removed Pin From Net: NetName=5V Pin=R28-2
Removed Pin From Net: NetName=5V Pin=U2-31
Removed Pin From Net: NetName=5V Pin=U3-1
Removed Pin From Net: NetName=5V Pin=U3-2
Removed Pin From Net: NetName=5V Pin=U3-4
Removed Pin From Net: NetName=5V Pin=U3-5
Change Net Name : Old Net Name=5V New Net Name=+5V/3V3
Added Pin To Net: NetName=+3V3 Pin=C13-2
Added Pin To Net: NetName=+3V3 Pin=C16-2
Added Pin To Net: NetName=+3V3 Pin=J1-4
Added Pin To Net: NetName=+3V3 Pin=JP4-3
Added Pin To Net: NetName=+3V3 Pin=R28-2
Added Pin To Net: NetName=+3V3 Pin=U3-4
Added Pin To Net: NetName=+3V3 Pin=U3-5
Added Net: Name=+3V3
Added Pin To Net: NetName=+5V Pin=C2-1
Added Pin To Net: NetName=+5V Pin=C6-2
Added Pin To Net: NetName=+5V Pin=C12-2
Added Pin To Net: NetName=+5V Pin=C14-2
Added Pin To Net: NetName=+5V Pin=J1-5
Added Pin To Net: NetName=+5V Pin=J8-1
Added Pin To Net: NetName=+5V Pin=L1-2
Added Pin To Net: NetName=+5V Pin=U2-31
Added Pin To Net: NetName=+5V Pin=U3-1
Added Pin To Net: NetName=+5V Pin=U3-2
Added Net: Name=+5V
Added Pin To Net: NetName=5V Pin=JP4-1
Added Pin To Net: NetName=5V Pin=R27-1
Added Net: Name=5V
